[2026-06-08T21:01:20.865Z] === Rove Concepts catalogue scraper starting ===
[2026-06-08T21:01:20.875Z] Resume mode: false
[2026-06-08T21:01:22.584Z] 
── LIVING ROOM / sofa ──────────────
[2026-06-08T21:01:22.585Z]   Fetching category: sofa (https://www.roveconcepts.com/modern-sofas.html)
[2026-06-08T21:01:28.157Z]     Found 22 products
[2026-06-08T21:01:28.161Z]   Scraping: Diane Sofa
[2026-06-08T21:01:34.229Z]   ✓ Diane Sofa | $2,351 | 88.6"W × 37.4"D × 31.1"H | 2 img(s)
[2026-06-08T21:01:34.234Z]   Scraping: Belia Open End Sofa
[2026-06-08T21:01:40.294Z]   ✓ Belia Open End Sofa | $4,345 | 118.2"W × 39.4"D × 26"H | 1 img(s)
[2026-06-08T21:01:40.296Z]   Scraping: Milo Sofa
[2026-06-08T21:01:47.025Z]   ✓ Milo Sofa | $2,532 | 94.4"W × 39.4"D × 31.5"H | 2 img(s)
[2026-06-08T21:01:47.027Z]   Scraping: Porter Sofa
[2026-06-08T21:01:52.924Z]   ✓ Porter Sofa | $2,612 | 84.6"W × 38.1"D × 24.4"H | 1 img(s)
[2026-06-08T21:01:52.926Z]   Scraping: Kyoto 3-Seater Sofa
[2026-06-08T21:02:01.340Z]   ✓ Kyoto 3-Seater Sofa | $5,199 | 132.3"W × 36.2"D × 27.9"H | 1 img(s)
[2026-06-08T21:02:01.346Z]   Scraping: Kyoto Loveseat
[2026-06-08T21:02:07.416Z]   ✓ Kyoto Loveseat | $3,332 | 93.3"W × 33.5"D × 27.9"H | 1 img(s)
[2026-06-08T21:02:07.418Z]   Scraping: Berlin Sofa
[2026-06-08T21:02:18.077Z]   ✓ Berlin Sofa | $2,665 | 94.6"W × 39.4"D × 25"H | 1 img(s)
[2026-06-08T21:02:18.079Z]   Scraping: Kaye Sofa L
[2026-06-08T21:02:25.578Z]   ✓ Kaye Sofa L | $2,612 | 97.6"W × 40.1"D × 28.7"H | 2 img(s)
[2026-06-08T21:02:25.584Z]   Scraping: Maria Sofa
[2026-06-08T21:02:34.569Z]   ✓ Maria Sofa | $3,359 | 92.2"W × 40.3"D × 31"H | 1 img(s)
[2026-06-08T21:02:34.574Z]   Scraping: Kaye Open End Sofa L
[2026-06-08T21:02:41.588Z]   ✓ Kaye Open End Sofa L | $3,065 | 122.8"W × 40.1"D × 28.7"H | 2 img(s)
[2026-06-08T21:02:41.590Z]   Scraping: Kaye Open End Sofa S
[2026-06-08T21:02:52.492Z]   ✓ Kaye Open End Sofa S | $2,799 | 99"W × 40.1"D × 28.7"H | 2 img(s)
[2026-06-08T21:02:52.515Z]   Scraping: Kaye Sofa S
[2026-06-08T21:03:00.730Z]   ✓ Kaye Sofa S | $2,479 | 80.3"W × 40.1"D × 28.7"H | 2 img(s)
[2026-06-08T21:03:00.735Z]   Scraping: Hadrian Sofa
[2026-06-08T21:03:10.273Z]   ✓ Hadrian Sofa | $2,612 | 82.2"W × 33"D × 31.5"H | 1 img(s)
[2026-06-08T21:03:10.279Z]   Scraping: Dante Sofa
[2026-06-08T21:03:17.430Z]   ✓ Dante Sofa | $2,612 | 88"W × 37"D × 30.9"H | 1 img(s)
[2026-06-08T21:03:17.435Z]   Scraping: Bilbao Sofa
[2026-06-08T21:03:24.334Z]   ✓ Bilbao Sofa | $2,612 | 88.2"W × 34.3"D × 28.4"H | 1 img(s)
[2026-06-08T21:03:24.339Z]   Scraping: Arya Modular Sofa with Open End
[2026-06-08T21:03:31.517Z]   ✓ Arya Modular Sofa with Open End | $2,879 | 110.5"W × 36.25"D × 26"H | 1 img(s)
[2026-06-08T21:03:31.521Z]   Scraping: Arya Modular Loveseat
[2026-06-08T21:03:38.201Z]   ✓ Arya Modular Loveseat | $1,999 | 79"W × 36.25"D × 26"H | 1 img(s)
[2026-06-08T21:03:38.208Z]   Scraping: Tanner Sofa
[2026-06-08T21:03:44.244Z]   ✓ Tanner Sofa | $2,905 | 63"W × 37"D × 31"H | 1 img(s)
[2026-06-08T21:03:44.246Z]   Scraping: Tanner 3 Seater Sofa
[2026-06-08T21:03:50.053Z]   ✓ Tanner 3 Seater Sofa | $4,278 | 94.5"W × 37"D × 31"H | 1 img(s)
[2026-06-08T21:03:50.055Z]   Scraping: Tanner Open End Sofa
[2026-06-08T21:03:59.605Z]   ✓ Tanner Open End Sofa | $4,039 | 94.5"W × 37"D × 31"H | 1 img(s)
[2026-06-08T21:03:59.606Z]   Scraping: Nuvo Sofa
[2026-06-08T21:04:08.128Z]   ✓ Nuvo Sofa | $2,612 | 77"W × 38.6"D × 22.2"H | 1 img(s)
[2026-06-08T21:04:08.132Z]   Scraping: Nuvo 3-Seater Sofa
[2026-06-08T21:04:13.616Z]   ✓ Nuvo 3-Seater Sofa | $3,332 | 106.7"W × 38.6"D × 22.2"H | 1 img(s)
[2026-06-08T21:04:13.618Z] 
── LIVING ROOM / sectional ──────────────
[2026-06-08T21:04:13.619Z]   Fetching category: sectional (https://www.roveconcepts.com/modern-sectional-sofas.html)
[2026-06-08T21:04:18.449Z]     Found 23 products
[2026-06-08T21:04:18.450Z]   Scraping: Dresden Modular Sectional
[2026-06-08T21:04:27.700Z]   ✓ Dresden Modular Sectional | $5,999 | 170"W × 88.25"D × 30.75"H | 2 img(s)
[2026-06-08T21:04:27.704Z]   Scraping: Berlin Sectional Sofa
[2026-06-08T21:04:33.945Z]   ✓ Berlin Sectional Sofa | $4,665 | 118.1"W × 78.7"D × 25"H | 1 img(s)
[2026-06-08T21:04:33.949Z]   Scraping: Milo Modular Sectional
[2026-06-08T21:04:41.032Z]   ✓ Milo Modular Sectional | $4,199 | 133.4"W × 78.7"D × 31.5"H | 2 img(s)
[2026-06-08T21:04:41.035Z]   Scraping: Kaye Sectional Sofa S
[2026-06-08T21:04:49.315Z]   ✓ Kaye Sectional Sofa S | $3,599 | 108.5"W × 68.5"D × 28.7"H | 2 img(s)
[2026-06-08T21:04:49.317Z]   Scraping: Kyoto Modular Sofa
[2026-06-08T21:04:58.882Z]   ✓ Kyoto Modular Sofa | $3,865 | 93.3"W × 36.2"D × 27.9"H | 1 img(s)
[2026-06-08T21:04:58.886Z]   Scraping: Kyoto L-Sectional
[2026-06-08T21:05:08.099Z]   ✓ Kyoto L-Sectional | $6,932 | 126.8"W × 114.2"D × 27.9"H | 1 img(s)
[2026-06-08T21:05:08.103Z]   Scraping: Kyoto Sectional Sofa
[2026-06-08T21:05:13.616Z]   ✓ Kyoto Sectional Sofa | $6,265 | 132.3"W × 65.3"D × 27.9"H | 1 img(s)
[2026-06-08T21:05:13.618Z]   Scraping: Nuvo Sectional Sofa
[2026-06-08T21:05:22.802Z]   ✓ Nuvo Sectional Sofa | $3,865 | 106.7"W × 68.1"D × 22.2"H | 1 img(s)
[2026-06-08T21:05:22.804Z]   Scraping: Porter Sectional
[2026-06-08T21:05:28.813Z]   ✓ Porter Sectional | $3,239 | 116"W × 69.5"D × 25"H | 1 img(s)
[2026-06-08T21:05:28.816Z]   Scraping: Nuvo L-Sectional
[2026-06-08T21:05:38.924Z]   ✓ Nuvo L-Sectional | $4,879 | 106.7"W × 106.7"D × 22.2"H | 1 img(s)
[2026-06-08T21:05:38.929Z]   Scraping: Berlin L-Sectional
[2026-06-08T21:05:49.611Z]   ✓ Berlin L-Sectional | $5,999 | 126"W × 118.1"D × 25"H | 1 img(s)
[2026-06-08T21:05:49.613Z]   Scraping: Kaye Sectional Sofa L
[2026-06-08T21:05:55.981Z]   ✓ Kaye Sectional Sofa L | $3,999 | 134.6"W × 68.5"D × 28.7"H | 2 img(s)
[2026-06-08T21:05:55.992Z]   Scraping: Reya Curved Sectional
[2026-06-08T21:06:03.787Z]   ✓ Reya Curved Sectional | $4,439 | 131.9"W × 37.8"D × 31.5"H | 2 img(s)
[2026-06-08T21:06:03.791Z]   Scraping: Milo Sleeper Sectional
[2026-06-08T21:06:13.471Z]   ✓ Milo Sleeper Sectional | $3,599 | 88"W × 69"D × 31.5"H | 2 img(s)
[2026-06-08T21:06:13.476Z]   Scraping: Dresden Sectional Sofa
[2026-06-08T21:06:27.112Z]   ✓ Dresden Sectional Sofa | $4,665 | 132.5"W × 57"D × 30.75"H | 2 img(s)
[2026-06-08T21:06:27.118Z]   Scraping: Berlin Modular Sectional
[2026-06-08T21:06:33.581Z]   ✓ Berlin Modular Sectional | $6,665 | 167.5"W × 86.7"D × 25"H | 1 img(s)
[2026-06-08T21:06:33.584Z]   Scraping: Belia Sectional Sofa
[2026-06-08T21:06:39.626Z]   ✓ Belia Sectional Sofa | $5,159 | 118.2"W × 78.8"D × 26"H | 1 img(s)
[2026-06-08T21:06:39.632Z]   Scraping: Tanner Sectional Sofa
[2026-06-08T21:06:45.041Z]   ✓ Tanner Sectional Sofa | $5,318 | 94.5"W × 64"D × 31"H | 1 img(s)
[2026-06-08T21:06:45.043Z]   Scraping: Milo Corner Sectional
[2026-06-08T21:06:58.002Z]   ✓ Milo Corner Sectional | $5,999 | 126.5"W × 126.5"D × 31.5"H | 2 img(s)
[2026-06-08T21:06:58.007Z]   Scraping: Tanner Modular Sectional
[2026-06-08T21:07:07.973Z]   ✓ Tanner Modular Sectional | $6,452 | 126"W × 64"D × 31"H | 1 img(s)
[2026-06-08T21:07:07.979Z]   Scraping: Belia Modular Sectional
[2026-06-08T21:07:13.967Z]   ✓ Belia Modular Sectional | $6,932 | 157.6"W × 78.8"D × 26"H | 1 img(s)
[2026-06-08T21:07:13.972Z]   Scraping: Arya Modular Sectional
[2026-06-08T21:07:20.444Z]   ✓ Arya Modular Sectional | $3,865 | 145.5"W × 36.25"D × 26"H | 1 img(s)
[2026-06-08T21:07:20.460Z]   Scraping: Porter Extended Sectional
[2026-06-08T21:07:26.133Z]   ✓ Porter Extended Sectional | $4,745 | 148"W × 69.5"D × 25"H | 1 img(s)
[2026-06-08T21:07:26.138Z] 
── LIVING ROOM / armchair ──────────────
[2026-06-08T21:07:26.139Z]   Fetching category: armchair (https://www.roveconcepts.com/modern-lounge-chairs.html)
[2026-06-08T21:07:30.563Z]     Found 23 products
[2026-06-08T21:07:30.569Z]   Scraping: Tola Lounge Chair
[2026-06-08T21:07:36.548Z]   ✓ Tola Lounge Chair | $732 | 34.06"W × 25.58"D × 30"H | 1 img(s)
[2026-06-08T21:07:36.554Z]   Scraping: Hadrian Armchair
[2026-06-08T21:07:46.722Z]   ✓ Hadrian Armchair | $1,012 | 31.5"W × 33.1"D × 31.5"H | 1 img(s)
[2026-06-08T21:07:46.726Z]   Scraping: Curva Lounge Chair
[2026-06-08T21:07:52.538Z]   ✓ Curva Lounge Chair | $999 | 28.1"W × 23.2"D × 29.9"H | 1 img(s)
[2026-06-08T21:07:52.547Z]   Scraping: Pallas Lounge Chair
[2026-06-08T21:07:59.121Z]   ✗ Failed: Pallas Lounge Chair — Navigating frame was detached
[2026-06-08T21:07:59.124Z]   Scraping: Kyoto Armchair
[2026-06-08T21:37:13.203Z] === Rove Concepts catalogue scraper starting ===
[2026-06-08T21:37:13.236Z] Resume mode: false
[2026-06-08T21:37:19.336Z] 
── LIVING ROOM / sofa ──────────────
[2026-06-08T21:37:19.346Z]   Fetching category: sofa (https://www.roveconcepts.com/modern-sofas.html)
[2026-06-08T21:37:27.326Z]     Found 22 products
[2026-06-08T21:37:27.334Z]   Scraping: Diane Sofa
[2026-06-08T21:37:34.785Z]   ✓ Diane Sofa | $2,351 | 88.6"W × 37.4"D × 31.1"H | 2 img(s)
[2026-06-08T21:37:34.791Z]   Scraping: Belia Open End Sofa
[2026-06-08T21:37:41.602Z]   ✓ Belia Open End Sofa | $4,345 | 118.2"W × 39.4"D × 26"H | 1 img(s)
[2026-06-08T21:37:41.606Z]   Scraping: Milo Sofa
[2026-06-08T21:37:52.868Z]   ✓ Milo Sofa | $2,532 | 94.4"W × 39.4"D × 31.5"H | 2 img(s)
[2026-06-08T21:37:52.872Z]   Scraping: Porter Sofa
[2026-06-08T21:38:03.015Z]   ✓ Porter Sofa | $2,612 | 84.6"W × 38.1"D × 24.4"H | 1 img(s)
[2026-06-08T21:38:03.025Z]   Scraping: Kyoto 3-Seater Sofa
[2026-06-08T21:38:09.364Z]   ✓ Kyoto 3-Seater Sofa | $5,199 | 132.3"W × 36.2"D × 27.9"H | 1 img(s)
[2026-06-08T21:38:09.369Z]   Scraping: Kyoto Loveseat
[2026-06-08T21:38:18.689Z]   ✓ Kyoto Loveseat | $3,332 | 93.3"W × 33.5"D × 27.9"H | 1 img(s)
[2026-06-08T21:38:18.693Z]   Scraping: Berlin Sofa
[2026-06-08T21:38:29.592Z]   ✓ Berlin Sofa | $2,665 | 94.6"W × 39.4"D × 25"H | 1 img(s)
[2026-06-08T21:38:29.600Z]   Scraping: Kaye Sofa L
[2026-06-08T21:38:40.748Z]   ✓ Kaye Sofa L | $2,612 | 97.6"W × 40.1"D × 28.7"H | 2 img(s)
[2026-06-08T21:38:40.753Z]   Scraping: Maria Sofa
[2026-06-08T21:38:48.383Z]   ✓ Maria Sofa | $3,359 | 92.2"W × 40.3"D × 31"H | 1 img(s)
[2026-06-08T21:38:48.388Z]   Scraping: Kaye Open End Sofa L
[2026-06-08T21:38:55.842Z]   ✓ Kaye Open End Sofa L | $3,065 | 122.8"W × 40.1"D × 28.7"H | 2 img(s)
[2026-06-08T21:38:55.846Z]   Scraping: Kaye Open End Sofa S
[2026-06-08T21:39:06.144Z]   ✓ Kaye Open End Sofa S | $2,799 | 99"W × 40.1"D × 28.7"H | 2 img(s)
[2026-06-08T21:39:06.150Z]   Scraping: Kaye Sofa S
[2026-06-08T21:39:16.533Z]   ✓ Kaye Sofa S | $2,479 | 80.3"W × 40.1"D × 28.7"H | 2 img(s)
[2026-06-08T21:39:16.537Z]   Scraping: Hadrian Sofa
[2026-06-08T21:39:26.972Z]   ✓ Hadrian Sofa | $2,612 | 82.2"W × 33"D × 31.5"H | 1 img(s)
[2026-06-08T21:39:26.976Z]   Scraping: Dante Sofa
[2026-06-08T21:39:36.024Z]   ✓ Dante Sofa | $2,612 | 88"W × 37"D × 30.9"H | 1 img(s)
[2026-06-08T21:39:36.026Z]   Scraping: Bilbao Sofa
[2026-06-08T21:39:44.877Z]   ✓ Bilbao Sofa | $2,612 | 88.2"W × 34.3"D × 28.4"H | 1 img(s)
[2026-06-08T21:39:44.879Z]   Scraping: Arya Modular Sofa with Open End
[2026-06-08T21:39:51.782Z]   ✓ Arya Modular Sofa with Open End | $2,879 | 110.5"W × 36.25"D × 26"H | 1 img(s)
[2026-06-08T21:39:51.786Z]   Scraping: Arya Modular Loveseat
[2026-06-08T21:40:03.069Z]   ✓ Arya Modular Loveseat | $1,999 | 79"W × 36.25"D × 26"H | 1 img(s)
[2026-06-08T21:40:03.077Z]   Scraping: Tanner Sofa
[2026-06-08T21:40:14.244Z]   ✓ Tanner Sofa | $2,905 | 63"W × 37"D × 31"H | 1 img(s)
[2026-06-08T21:40:14.252Z]   Scraping: Tanner 3 Seater Sofa
[2026-06-08T21:40:20.760Z]   ✓ Tanner 3 Seater Sofa | $4,278 | 94.5"W × 37"D × 31"H | 1 img(s)
[2026-06-08T21:40:20.768Z]   Scraping: Tanner Open End Sofa
[2026-06-08T21:40:31.629Z]   ✓ Tanner Open End Sofa | $4,039 | 94.5"W × 37"D × 31"H | 1 img(s)
[2026-06-08T21:40:31.637Z]   Scraping: Nuvo Sofa
[2026-06-08T21:40:41.680Z]   ✓ Nuvo Sofa | $2,612 | 77"W × 38.6"D × 22.2"H | 1 img(s)
[2026-06-08T21:40:41.685Z]   Scraping: Nuvo 3-Seater Sofa
[2026-06-08T21:40:50.680Z]   ✓ Nuvo 3-Seater Sofa | $3,332 | 106.7"W × 38.6"D × 22.2"H | 1 img(s)
[2026-06-08T21:40:50.698Z] 
── LIVING ROOM / sectional ──────────────
[2026-06-08T21:40:50.698Z]   Fetching category: sectional (https://www.roveconcepts.com/modern-sectional-sofas.html)
[2026-06-08T21:40:55.078Z]     Found 23 products
[2026-06-08T21:40:55.083Z]   Scraping: Dresden Modular Sectional
[2026-06-08T21:41:01.940Z]   ✓ Dresden Modular Sectional | $5,999 | 170"W × 88.25"D × 30.75"H | 2 img(s)
[2026-06-08T21:41:01.945Z]   Scraping: Berlin Sectional Sofa
[2026-06-08T21:41:12.124Z]   ✓ Berlin Sectional Sofa | $4,665 | 118.1"W × 78.7"D × 25"H | 1 img(s)
[2026-06-08T21:41:12.130Z]   Scraping: Milo Modular Sectional
[2026-06-08T21:41:20.144Z]   ✓ Milo Modular Sectional | $4,199 | 133.4"W × 78.7"D × 31.5"H | 2 img(s)
[2026-06-08T21:41:20.149Z]   Scraping: Kaye Sectional Sofa S
[2026-06-08T21:41:32.731Z]   ✓ Kaye Sectional Sofa S | $3,599 | 108.5"W × 68.5"D × 28.7"H | 2 img(s)
[2026-06-08T21:41:32.736Z]   Scraping: Kyoto Modular Sofa
[2026-06-08T21:41:43.260Z]   ✓ Kyoto Modular Sofa | $3,865 | 93.3"W × 36.2"D × 27.9"H | 1 img(s)
[2026-06-08T21:41:43.265Z]   Scraping: Kyoto L-Sectional
[2026-06-08T21:41:52.324Z]   ✓ Kyoto L-Sectional | $6,932 | 126.8"W × 114.2"D × 27.9"H | 1 img(s)
[2026-06-08T21:41:52.330Z]   Scraping: Kyoto Sectional Sofa
[2026-06-08T21:42:02.597Z]   ✓ Kyoto Sectional Sofa | $6,265 | 132.3"W × 65.3"D × 27.9"H | 1 img(s)
[2026-06-08T21:42:02.602Z]   Scraping: Nuvo Sectional Sofa
[2026-06-08T21:42:12.372Z]   ✓ Nuvo Sectional Sofa | $3,865 | 106.7"W × 68.1"D × 22.2"H | 1 img(s)
[2026-06-08T21:42:12.384Z]   Scraping: Porter Sectional
[2026-06-08T21:42:19.326Z]   ✓ Porter Sectional | $3,239 | 116"W × 69.5"D × 25"H | 1 img(s)
[2026-06-08T21:42:19.333Z]   Scraping: Nuvo L-Sectional
[2026-06-08T21:42:30.383Z]   ✓ Nuvo L-Sectional | $4,879 | 106.7"W × 106.7"D × 22.2"H | 1 img(s)
[2026-06-08T21:42:30.389Z]   Scraping: Berlin L-Sectional
[2026-06-08T21:42:42.305Z]   ✓ Berlin L-Sectional | $5,999 | 126"W × 118.1"D × 25"H | 1 img(s)
[2026-06-08T21:42:42.330Z]   Scraping: Kaye Sectional Sofa L
[2026-06-08T21:42:54.218Z]   ✓ Kaye Sectional Sofa L | $3,999 | 134.6"W × 68.5"D × 28.7"H | 2 img(s)
[2026-06-08T21:42:54.230Z]   Scraping: Reya Curved Sectional
[2026-06-08T21:43:04.080Z]   ✓ Reya Curved Sectional | $4,439 | 131.9"W × 37.8"D × 31.5"H | 2 img(s)
[2026-06-08T21:43:04.085Z]   Scraping: Milo Sleeper Sectional
[2026-06-08T21:43:14.165Z]   ✓ Milo Sleeper Sectional | $3,599 | 88"W × 69"D × 31.5"H | 2 img(s)
[2026-06-08T21:43:14.173Z]   Scraping: Dresden Sectional Sofa
[2026-06-08T21:43:24.590Z]   ✓ Dresden Sectional Sofa | $4,665 | 132.5"W × 57"D × 30.75"H | 2 img(s)
[2026-06-08T21:43:24.614Z]   Scraping: Berlin Modular Sectional
[2026-06-08T21:43:31.114Z]   ✓ Berlin Modular Sectional | $6,665 | 167.5"W × 86.7"D × 25"H | 1 img(s)
[2026-06-08T21:43:31.118Z]   Scraping: Belia Sectional Sofa
[2026-06-08T21:43:37.784Z]   ✓ Belia Sectional Sofa | $5,159 | 118.2"W × 78.8"D × 26"H | 1 img(s)
[2026-06-08T21:43:37.790Z]   Scraping: Tanner Sectional Sofa
[2026-06-08T21:43:47.967Z]   ✓ Tanner Sectional Sofa | $5,318 | 94.5"W × 64"D × 31"H | 1 img(s)
[2026-06-08T21:43:47.974Z]   Scraping: Milo Corner Sectional
[2026-06-08T21:44:01.243Z]   ✓ Milo Corner Sectional | $5,999 | 126.5"W × 126.5"D × 31.5"H | 2 img(s)
[2026-06-08T21:44:01.258Z]   Scraping: Tanner Modular Sectional
[2026-06-08T21:44:11.175Z]   ✓ Tanner Modular Sectional | $6,452 | 126"W × 64"D × 31"H | 1 img(s)
[2026-06-08T21:44:11.182Z]   Scraping: Belia Modular Sectional
[2026-06-08T21:44:17.591Z]   ✓ Belia Modular Sectional | $6,932 | 157.6"W × 78.8"D × 26"H | 1 img(s)
[2026-06-08T21:44:17.594Z]   Scraping: Arya Modular Sectional
[2026-06-08T21:44:29.378Z]   ✓ Arya Modular Sectional | $3,865 | 145.5"W × 36.25"D × 26"H | 1 img(s)
[2026-06-08T21:44:29.383Z]   Scraping: Porter Extended Sectional
[2026-06-08T21:44:40.627Z]   ✓ Porter Extended Sectional | $4,745 | 148"W × 69.5"D × 25"H | 1 img(s)
[2026-06-08T21:44:40.634Z] 
── LIVING ROOM / armchair ──────────────
[2026-06-08T21:44:40.636Z]   Fetching category: armchair (https://www.roveconcepts.com/modern-lounge-chairs.html)
[2026-06-08T21:44:45.732Z]     Found 23 products
[2026-06-08T21:44:45.737Z]   Scraping: Tola Lounge Chair
[2026-06-08T21:44:52.375Z]   ✓ Tola Lounge Chair | $732 | 34.06"W × 25.58"D × 30"H | 1 img(s)
[2026-06-08T21:44:52.386Z]   Scraping: Hadrian Armchair
[2026-06-08T21:44:58.609Z]   ✓ Hadrian Armchair | $1,012 | 31.5"W × 33.1"D × 31.5"H | 1 img(s)
[2026-06-08T21:44:58.613Z]   Scraping: Curva Lounge Chair
[2026-06-08T21:45:05.261Z]   ✓ Curva Lounge Chair | $999 | 28.1"W × 23.2"D × 29.9"H | 1 img(s)
[2026-06-08T21:45:05.269Z]   Scraping: Pallas Lounge Chair
[2026-06-08T21:45:15.179Z]   ✓ Pallas Lounge Chair | $1,159 | 33.6"W × 29.1"D × 29.9"H | 1 img(s)
[2026-06-08T21:45:15.184Z]   Scraping: Kyoto Armchair
[2026-06-08T21:45:24.643Z]   ✓ Kyoto Armchair | $1,065 | 26.77"W × 19.29"D × 28.35"H | 1 img(s)
[2026-06-08T21:45:24.651Z]   Scraping: Forja Lounge Chair
[2026-06-08T21:45:30.910Z]   ✓ Forja Lounge Chair | $1,065 | 31"W × 26.3"D × 31"H | 1 img(s)
[2026-06-08T21:45:30.914Z]   Scraping: Loreto Lounge Chair
[2026-06-08T21:45:37.268Z]   ✓ Loreto Lounge Chair | $1,159 | 30"W × 36"D × 30"H | 1 img(s)
[2026-06-08T21:45:37.270Z]   Scraping: Study Chair by Maria Sharapova
[2026-06-08T21:45:43.871Z]   ✓ Study Chair by Maria Sharapova | $972 | 22.44"W × 23.86"D × 33.46"H | 1 img(s)
[2026-06-08T21:45:43.874Z]   Scraping: Retreat Chair by Maria Sharapova
[2026-06-08T21:45:52.964Z]   ✓ Retreat Chair by Maria Sharapova | $972 | 22.05"W × 22.44"D × 33.46"H | 1 img(s)
[2026-06-08T21:45:52.973Z]   Scraping: Nova Lounge Chair - Swivel
[2026-06-08T21:45:59.346Z]   ✓ Nova Lounge Chair - Swivel | $1,105 | 28"W × 27.7"D × 30.1"H | 1 img(s)
[2026-06-08T21:45:59.351Z]   Scraping: Womb Chair and Ottoman
[2026-06-08T21:46:06.882Z]   ✓ Womb Chair and Ottoman | $1,813 | 39"W × 33.5"D × 39"H | 1 img(s)
[2026-06-08T21:46:06.892Z]   Scraping: Flag Halyard Chair and Ottoman
[2026-06-08T21:46:16.614Z]   ✓ Flag Halyard Chair and Ottoman | $4,065 | 41"W × 45.6"D × 31.7"H | 1 img(s)
[2026-06-08T21:46:16.617Z]   Scraping: Toro Lounge Chair
[2026-06-08T21:46:22.361Z]   ✓ Toro Lounge Chair | $879 | 25.2"W × 30.3"D × 29.1"H | 1 img(s)
[2026-06-08T21:46:22.369Z]   Scraping: Diane Lounge Chair
[2026-06-08T21:46:28.380Z]   ✓ Diane Lounge Chair | $791 | 28.3"W × 25.6"D × 30.7"H | 1 img(s)
[2026-06-08T21:46:28.383Z]   Scraping: Jericho Lounge Chair
[2026-06-08T21:46:34.074Z]   ✓ Jericho Lounge Chair | $1,159 | 23.6"W × 39.3"D × 39.3"H | 1 img(s)
[2026-06-08T21:46:34.079Z]   Scraping: Davos Lounge Chair
[2026-06-08T21:46:43.871Z]   ✓ Davos Lounge Chair | $1,065 | 37"W × 40.1"D × 32.7"H | 1 img(s)
[2026-06-08T21:46:43.875Z]   Scraping: Mia Lounge Chair
[2026-06-08T21:46:54.832Z]   ✓ Mia Lounge Chair | $1,065 | 30"W × 25.6"D × 30"H | 1 img(s)
[2026-06-08T21:46:54.839Z]   Scraping: Vonn Lounge Chair
[2026-06-08T21:47:03.778Z]   ✓ Vonn Lounge Chair | $1,025 | 38.2"W × 38.2"D × 26.3"H | 1 img(s)
[2026-06-08T21:47:03.786Z]   Scraping: Nova Lounge Chair
[2026-06-08T21:47:14.202Z]   ✓ Nova Lounge Chair | $791 | 28"W × 27.7"D × 29"H | 1 img(s)
[2026-06-08T21:47:14.207Z]   Scraping: Flag Halyard Chair
[2026-06-08T21:47:26.117Z]   ✓ Flag Halyard Chair | $2,532 | 41"W × 45.6"D × 31.7"H | 1 img(s)
[2026-06-08T21:47:26.127Z]   Scraping: Angelo Lounge Chair
[2026-06-08T21:47:37.264Z]   ✓ Angelo Lounge Chair | $879 | 30.7"W × 30.7"D × 30"H | 1 img(s)
[2026-06-08T21:47:37.285Z]   Scraping: Aubrey Lounge Chair
[2026-06-08T21:47:57.602Z]   ✓ Aubrey Lounge Chair | $1,159 | 39"W × 27.75"D × 32.25"H | 1 img(s)
[2026-06-08T21:47:57.607Z]   Scraping: Kyoto Dining Chair
[2026-06-08T21:48:08.413Z]   ✓ Kyoto Dining Chair | $505 | 23.62"W × 20.5"D × 35"H | 1 img(s)
[2026-06-08T21:48:08.422Z] 
── LIVING ROOM / coffee table ──────────────
[2026-06-08T21:48:08.423Z]   Fetching category: coffee table (https://www.roveconcepts.com/modern-coffee-tables.html)
[2026-06-08T21:48:13.237Z]     Found 24 products
[2026-06-08T21:48:13.243Z]   Scraping: Maria Coffee Table
[2026-06-08T21:48:20.470Z]   ✓ Maria Coffee Table | $1,439 | 48"W × 32"D × 14.1"H | 1 img(s)
[2026-06-08T21:48:20.473Z]   Scraping: Liza Coffee Table
[2026-06-08T21:48:26.866Z]   ✓ Liza Coffee Table | $2,292 | 40"W × 40"D × 9.17"H | 1 img(s)
[2026-06-08T21:48:26.870Z]   Scraping: Kara Coffee Table
[2026-06-08T21:48:35.957Z]   ✓ Kara Coffee Table | $1,732 | 48.6"W × 30.5"D × 12"H | 1 img(s)
[2026-06-08T21:48:35.961Z]   Scraping: Liza Coffee Table - Brushed Stainless Steel
[2026-06-08T21:48:42.809Z]   ✓ Liza Coffee Table - Brushed Stainless Steel | $2,492 | 39.96"W × 39.96"D × 9.25"H | 1 img(s)
[2026-06-08T21:48:42.813Z]   Scraping: Gallus Coffee Table
[2026-06-08T21:48:48.665Z]   ✓ Gallus Coffee Table | $759 | 36"W × 36"D × 11"H | 1 img(s)
[2026-06-08T21:48:48.669Z]   Scraping: Maia Coffee Table
[2026-06-08T21:48:56.938Z]   ✓ Maia Coffee Table | $1,159 | 39.4"W × 39.4"D × 14.8"H | 1 img(s)
[2026-06-08T21:48:56.944Z]   Scraping: Liza Coffee Table - Marble
[2026-06-08T21:49:06.535Z]   ✓ Liza Coffee Table - Marble | $2,351 | 40"W × 40"D × 9.4"H | 1 img(s)
[2026-06-08T21:49:06.539Z]   Scraping: Trio Coffee Table
[2026-06-08T21:49:16.269Z]   ✓ Trio Coffee Table | $1,012 | 39.3"W × 39.3"D × 13"H | 1 img(s)
[2026-06-08T21:49:16.272Z]   Scraping: Athena Coffee Table
[2026-06-08T21:49:26.379Z]   ✓ Athena Coffee Table | $1,599 | 39.4"W × 39.4"D × 13.8"H | 2 img(s)
[2026-06-08T21:49:26.388Z]   Scraping: Ophira Coffee Table
[2026-06-08T21:49:35.126Z]   ✓ Ophira Coffee Table | $1,199 | 31.5"W × 31.5"D × 14"H | 1 img(s)
[2026-06-08T21:49:35.136Z]   Scraping: Julius Coffee Table
[2026-06-08T21:49:44.202Z]   ✓ Julius Coffee Table | $1,732 | 50"W × 50"D × 16"H | 1 img(s)
[2026-06-08T21:49:44.210Z]   Scraping: Orb Coffee Table
[2026-06-08T21:49:50.777Z]   ✓ Orb Coffee Table | $732 | 40"W × 40"D × 16"H | 1 img(s)
[2026-06-08T21:49:50.782Z]   Scraping: Marbella Coffee Table
[2026-06-08T21:49:59.623Z]   ✓ Marbella Coffee Table | $1,332 | 43.3"W × 27.5"D × 14.2"H | 1 img(s)
[2026-06-08T21:49:59.628Z]   Scraping: Liza Coffee Table - Marble (Black Label)
[2026-06-08T21:50:09.410Z]   ✓ Liza Coffee Table - Marble (Black Label) | $4,306 | 40"W × 40"D × 9.4"H | 1 img(s)
[2026-06-08T21:50:09.417Z]   Scraping: Romulus Nesting Coffee Table
[2026-06-08T21:50:19.154Z]   ✓ Romulus Nesting Coffee Table | $11,865 | 39.3"W × 39.3"D × 14.7"H | 1 img(s)
[2026-06-08T21:50:19.157Z]   Scraping: Valerian Coffee Table
[2026-06-08T21:50:29.454Z]   ✓ Valerian Coffee Table | $2,879 | 72"W × 40"D × 11"H | 1 img(s)
[2026-06-08T21:50:29.460Z]   Scraping: Truman Coffee Table
[2026-06-08T21:50:38.888Z]   ✓ Truman Coffee Table | $1,452 | 53.1"W × 27.5"D × 15"H | 1 img(s)
[2026-06-08T21:50:38.899Z]   Scraping: Nova Coffee Table
[2026-06-08T21:50:44.356Z]   ✓ Nova Coffee Table | $1,999 | 31.5"W × 31.5"D × 14"H | 1 img(s)
[2026-06-08T21:50:44.361Z]   Scraping: Cascadia Coffee Table
[2026-06-08T21:50:53.822Z]   ✓ Cascadia Coffee Table | $1,452 | 47"W × 24"D × 14"H | 1 img(s)
[2026-06-08T21:50:53.825Z]   Scraping: Liza Coffee Table - Walnut
[2026-06-08T21:51:00.859Z]   ✓ Liza Coffee Table - Walnut | $1,199 | 40.15"W × 40.15"D × 9"H | 1 img(s)
[2026-06-08T21:51:00.862Z]   Scraping: Winston Coffee Table
[2026-06-08T21:51:12.008Z]   ✓ Winston Coffee Table | $1,599 | 36"W × 36"D × 15.7"H | 1 img(s)
[2026-06-08T21:51:12.018Z]   Scraping: Leia Coffee Table
[2026-06-08T21:51:22.013Z]   ✓ Leia Coffee Table | $1,999 | 29.2"W × 29.2"D × 14.2"H | 1 img(s)
[2026-06-08T21:51:22.021Z]   Scraping: Liza Coffee Table Grande
[2026-06-08T21:51:28.446Z]   ✓ Liza Coffee Table Grande | $2,772 | 40"W × 40"D × 14.4"H | 1 img(s)
[2026-06-08T21:51:28.449Z]   Scraping: Liza Coffee Table Grande - Marble
[2026-06-08T21:51:34.614Z]   ✓ Liza Coffee Table Grande - Marble | $3,332 | 40"W × 40"D × 15"H | 1 img(s)
[2026-06-08T21:51:34.620Z] 
── LIVING ROOM / side table ──────────────
[2026-06-08T21:51:34.621Z]   Fetching category: side table (https://www.roveconcepts.com/modern-side-tables.html)
[2026-06-08T21:51:39.373Z]     Found 18 products
[2026-06-08T21:51:39.375Z]   Scraping: Winston Side Table
[2026-06-08T21:51:46.135Z]   ✓ Winston Side Table | $932 | 19"W × 19"D × 19.6"H | 1 img(s)
[2026-06-08T21:51:46.140Z]   Scraping: Maria Side Table
[2026-06-08T21:51:53.918Z]   ✓ Maria Side Table | $659 | 19.7"W × 19.7"D × 19.7"H | 1 img(s)
[2026-06-08T21:51:53.922Z]   Scraping: Gallus Side Table
[2026-06-08T21:52:09.143Z]   ✓ Gallus Side Table | $527 | 14.5"W × 14.5"D × 20"H | 1 img(s)
[2026-06-08T21:52:09.161Z]   Scraping: Liza Side Table - Marble
[2026-06-08T21:52:19.666Z]   ✓ Liza Side Table - Marble | $1,159 | 14"W × 14"D × 22"H | 1 img(s)
[2026-06-08T21:52:19.672Z]   Scraping: Juniper Console Table
[2026-06-08T21:52:29.239Z]   ✓ Juniper Console Table | $1,229 | 53.93"W × 12.99"D × 27.95"H | 1 img(s)
[2026-06-08T21:52:29.243Z]   Scraping: Kyoto Side Table
[2026-06-08T21:52:38.644Z]   ✓ Kyoto Side Table | $532 | 15.3"W × 36.2"D × 17.7"H | 1 img(s)
[2026-06-08T21:52:38.648Z]   Scraping: Athena Side Table
[2026-06-08T21:52:49.180Z]   ✓ Athena Side Table | $799 | 21.7"W × 21.7"D × 21.7"H | 2 img(s)
[2026-06-08T21:52:49.184Z]   Scraping: Liza Side Table - Ceramic
[2026-06-08T21:53:00.145Z]   ✓ Liza Side Table - Ceramic | $746 | 14"W × 14"D × 22"H | 1 img(s)
[2026-06-08T21:53:00.153Z]   Scraping: Ophira Side Table
[2026-06-08T21:53:09.103Z]   ✓ Ophira Side Table | $559 | 15.7"W × 15.7"D × 19.9"H | 1 img(s)
[2026-06-08T21:53:09.112Z]   Scraping: Kaye End Table
[2026-06-08T21:53:17.616Z]   ✓ Kaye End Table | $345 | 34.4"W × 10.6"D × 18.5"H | 1 img(s)
[2026-06-08T21:53:17.625Z]   Scraping: Orb Side Table
[2026-06-08T21:53:26.219Z]   ✓ Orb Side Table | $332 | 22"W × 22"D × 22.8"H | 1 img(s)
[2026-06-08T21:53:26.228Z]   Scraping: Uni End Table
[2026-06-08T21:53:35.742Z]   ✓ Uni End Table | $319 | 34.4"W × 10.6"D × 18.5"H | 1 img(s)
[2026-06-08T21:53:35.749Z]   Scraping: Tulip Side Table
[2026-06-08T21:53:45.184Z]   ✓ Tulip Side Table | $399 | 19.75"W × 19.75"D × 20.5"H | 1 img(s)
[2026-06-08T21:53:45.188Z]   Scraping: Trio Side Table
[2026-06-08T21:53:51.453Z]   ✓ Trio Side Table | $332 | 19.7"W × 19.7"D × 18.9"H | 1 img(s)
[2026-06-08T21:53:51.457Z]   Scraping: Liza Side Table (Black Label)
[2026-06-08T21:54:00.195Z]   ✓ Liza Side Table (Black Label) | $3,572 | 14"W × 14"D × 22"H | 1 img(s)
[2026-06-08T21:54:00.198Z]   Scraping: Liza Pedestal - Marble
[2026-06-08T21:54:15.357Z]   ✓ Liza Pedestal - Marble | $1,732 | 12"W × 12"D × 34.2"H | 1 img(s)
[2026-06-08T21:54:15.361Z]   Scraping: Leia Side Table
[2026-06-08T21:54:26.282Z]   ✓ Leia Side Table | $1,012 | 13.3"W × 15.3"D × 18.7"H | 1 img(s)
[2026-06-08T21:54:26.291Z]   Scraping: Liza Pedestal - Ceramic
[2026-06-08T21:54:36.382Z]   ✓ Liza Pedestal - Ceramic | $1,452 | 12"W × 12"D × 34.25"H | 1 img(s)
[2026-06-08T21:54:36.398Z] 
── LIVING ROOM / tv unit ──────────────
[2026-06-08T21:54:36.399Z]   Fetching category: tv unit (https://www.roveconcepts.com/modern-tv-stands.html)
[2026-06-08T21:54:41.693Z]     Found 10 products
[2026-06-08T21:54:41.694Z]   Scraping: Augustus TV Stand
[2026-06-08T21:54:54.360Z]   ✓ Augustus TV Stand | $2,879 | 86.6"W × 17.7"D × 18.7"H | 1 img(s)
[2026-06-08T21:54:54.369Z]   Scraping: Winston Media Console
[2026-06-08T21:55:03.455Z]   ✓ Winston Media Console | $1,631 | 143"W × 17.7"D × 14.1"H | 1 img(s)
[2026-06-08T21:55:03.459Z]   Scraping: Cassia Media Console
[2026-06-08T21:55:13.810Z]   ✓ Cassia Media Console | $2,399 | 80.1"W × 17"D × 26.2"H | 1 img(s)
[2026-06-08T21:55:13.880Z]   Scraping: Athena Media Console
[2026-06-08T21:55:26.012Z]   ✓ Athena Media Console | $1,679 | 70.9"W × 18.5"D × 22"H | 2 img(s)
[2026-06-08T21:55:26.019Z]   Scraping: Magnus TV Console
[2026-06-08T21:55:32.131Z]   ✓ Magnus TV Console | $2,665 | 81.5"W × 19.1"D × 22.8"H | 1 img(s)
[2026-06-08T21:55:32.136Z]   Scraping: Bennett Media Console - 83"
[2026-06-08T21:55:42.859Z]   ✓ Bennett Media Console - 83" | $1,732 | 82.6"W × 16.5"D × 23.5"H | 1 img(s)
[2026-06-08T21:55:42.864Z]   Scraping: Augustus TV Stand - Walnut
[2026-06-08T21:55:52.647Z]   ✓ Augustus TV Stand - Walnut | $1,999 | 86.6"W × 17.7"D × 18.7"H | 1 img(s)
[2026-06-08T21:55:52.657Z]   Scraping: Bennett Media Console - 55"
[2026-06-08T21:56:01.115Z]   ✓ Bennett Media Console - 55" | $1,332 | 55"W × 16.5"D × 23.5"H | 1 img(s)
[2026-06-08T21:56:01.121Z]   Scraping: Winston Media Console - Small
[2026-06-08T21:56:10.243Z]   ✓ Winston Media Console - Small | $1,719 | 106"W × 17.75"D × 14"H | 1 img(s)
[2026-06-08T21:56:10.249Z]   Scraping: Noelle TV Stand
[2026-06-08T21:56:17.071Z]   ✓ Noelle TV Stand | $1,865 | 79.35"W × 15.7"D × 22.3"H | 1 img(s)
[2026-06-08T21:56:17.077Z] 
── BEDROOM / bed ──────────────
[2026-06-08T21:56:17.077Z]   Fetching category: bed (https://www.roveconcepts.com/modern-beds.html)
[2026-06-08T21:56:21.157Z]     Found 24 products
[2026-06-08T21:56:21.158Z]   Scraping: Ophelia Bed
[2026-06-08T21:56:30.755Z]   ✓ Ophelia Bed | $2,244 | 65.5"W × 93.3"D × 34.3"H | 2 img(s)
[2026-06-08T21:56:30.760Z]   Scraping: Asher Bed
[2026-06-08T21:56:36.745Z]   ✓ Asher Bed | $2,111 | 67"W × 87.5"D × 35"H | 1 img(s)
[2026-06-08T21:56:36.759Z]   Scraping: Berlin Bed
[2026-06-08T21:56:43.462Z]   ✓ Berlin Bed | $2,306 | 100.3"W × 91.5"D × 39.3"H | 1 img(s)
[2026-06-08T21:56:43.473Z]   Scraping: Hunter Bed
[2026-06-08T21:56:56.889Z]   ✓ Hunter Bed | $1,999 | 96"W × 91.8"D × 35"H | 1 img(s)
[2026-06-08T21:56:56.903Z]   Scraping: Dalina Bed
[2026-06-08T21:57:07.231Z]   ✓ Dalina Bed | $2,132 | 98.6"W × 88.4"D × 39.4"H | 1 img(s)
[2026-06-08T21:57:07.243Z]   Scraping: Eva Bed
[2026-06-08T21:57:17.712Z]   ✓ Eva Bed | $3,065 | 152.4"W × 224.5"D × 43.3"H | 1 img(s)
[2026-06-08T21:57:17.718Z]   Scraping: Hera Bed
[2026-06-08T21:57:31.757Z]   ✓ Hera Bed | $2,799 | 94.5"W × 89.3"D × 59"H | 1 img(s)
[2026-06-08T21:57:31.773Z]   Scraping: Modular Bed Frame - Wood
[2026-06-08T21:57:41.850Z]   ✓ Modular Bed Frame - Wood | $1,599 | 83"W × 84.4"D × 13.8"H | 1 img(s)
[2026-06-08T21:57:41.861Z]   Scraping: Porter Bed - Extension with Walnut Side Table
[2026-06-08T21:57:52.374Z]   ✓ Porter Bed - Extension with Walnut Side Table | $1,065 | 11"W × 93.1"D × 33.5"H | 1 img(s)
[2026-06-08T21:57:52.391Z]   Scraping: Nerva Canopy Bed
[2026-06-08T21:58:05.130Z]   ✓ Nerva Canopy Bed | $2,665 | 72.8"W × 88.6"D × 90"H | 1 img(s)
[2026-06-08T21:58:05.143Z]   Scraping: Kaye Slipcover Bed
[2026-06-08T21:58:16.198Z]   ✓ Kaye Slipcover Bed | $2,132 | 100"W × 92.9"D × 37.4"H | 1 img(s)
[2026-06-08T21:58:16.208Z]   Scraping: Porter Bed
[2026-06-08T21:58:23.340Z]   ✓ Porter Bed | $2,345 | 70"W × 93.7"D × 33.5"H | 1 img(s)
[2026-06-08T21:58:23.351Z]   Scraping: Sarina Bed
[2026-06-08T21:58:33.436Z]   ✓ Sarina Bed | $2,852 | 77"W × 95"D × 35"H | 1 img(s)
[2026-06-08T21:58:33.444Z]   Scraping: Berlin Headboard
[2026-06-08T21:58:43.575Z]   ✓ Berlin Headboard | $1,585 | 101"W × 6"D × 39.7"H | 1 img(s)
[2026-06-08T21:58:43.582Z]   Scraping: Chloe Bed
[2026-06-08T21:58:50.077Z]   ✓ Chloe Bed | $2,745 | 69.7"W × 86.6"D × 48.6"H | 1 img(s)
[2026-06-08T21:58:50.087Z]   Scraping: Milo Sleeper Sofa
[2026-06-08T21:58:57.292Z]   ✓ Milo Sleeper Sofa | $2,399 | 88"W × 40"D × 31.5"H | 2 img(s)
[2026-06-08T21:58:57.305Z]   Scraping: Bristol Sleeper Futon
[2026-06-08T21:59:09.171Z]   ✓ Bristol Sleeper Futon | $2,612 | 82"W × 37"D × 34.3"H | 1 img(s)
[2026-06-08T21:59:09.193Z]   Scraping: Angelo Bed
[2026-06-08T21:59:19.588Z]   ✓ Angelo Bed | $2,132 | 106.3"W × 87"D × 41"H | 1 img(s)
[2026-06-08T21:59:19.593Z]   Scraping: Harper Bed
[2026-06-08T21:59:40.308Z]   ✓ Harper Bed | $2,132 | 72"W × 95.3"D × 31.1"H | 1 img(s)
[2026-06-08T21:59:40.318Z]   Scraping: Mikkel Bed
[2026-06-08T21:59:52.280Z]   ✓ Mikkel Bed | $2,132 | 64"W × 91.4"D × 28"H | 1 img(s)
[2026-06-08T21:59:52.292Z]   → skip (already have): Milo Sleeper Sectional
[2026-06-08T21:59:52.292Z]   Scraping: Dresden Sleeper Sofa
[2026-06-08T22:00:02.125Z]   ✓ Dresden Sleeper Sofa | $3,012 | 88.1"W × 30.5"D × 24"H | 2 img(s)
[2026-06-08T22:00:02.132Z]   Scraping: Berlin Sleeper Sofa
[2026-06-08T22:00:12.211Z]   ✓ Berlin Sleeper Sofa | $3,332 | 88"W × 34.6"D × 25.4"H | 1 img(s)
[2026-06-08T22:00:12.226Z]   Scraping: Abigail Bed
[2026-06-08T22:00:32.655Z]   ✓ Abigail Bed | $2,132 | 73.5"W × 86.7"D × 39.5"H | 1 img(s)
[2026-06-08T22:00:32.670Z] 
── BEDROOM / nightstand ──────────────
[2026-06-08T22:00:32.670Z]   Fetching category: nightstand (https://www.roveconcepts.com/modern-nightstands.html)
[2026-06-08T22:00:36.927Z]     Found 12 products
[2026-06-08T22:00:36.936Z]   Scraping: Asher Single Drawer Nightstand
[2026-06-08T22:00:43.370Z]   ✓ Asher Single Drawer Nightstand | $532 | 22"W × 18.1"D × 23"H | 1 img(s)
[2026-06-08T22:00:43.375Z]   Scraping: Nerva Nightstand
[2026-06-08T22:00:53.696Z]   ✓ Nerva Nightstand | $665 | 26"W × 22"D × 22"H | 1 img(s)
[2026-06-08T22:00:53.701Z]   Scraping: Asher Nightstand
[2026-06-08T22:01:03.773Z]   ✓ Asher Nightstand | $599 | 22"W × 18.2"D × 23"H | 1 img(s)
[2026-06-08T22:01:03.777Z]   Scraping: Wishbone Nightstand
[2026-06-08T22:01:13.826Z]   ✓ Wishbone Nightstand | $745 | 26"W × 18"D × 18.6"H | 1 img(s)
[2026-06-08T22:01:13.833Z]   Scraping: Athena Nightstand
[2026-06-08T22:01:23.475Z]   ✓ Athena Nightstand | $745 | 26"W × 18.6"D × 18.6"H | 2 img(s)
[2026-06-08T22:01:23.483Z]   Scraping: Cassia Nightstand
[2026-06-08T22:01:32.853Z]   ✓ Cassia Nightstand | $745 | 24.41"W × 17.91"D × 21.46"H | 1 img(s)
[2026-06-08T22:01:32.858Z]   Scraping: Vienna Nightstand
[2026-06-08T22:01:43.241Z]   ✓ Vienna Nightstand | $599 | 24"W × 18"D × 20"H | 1 img(s)
[2026-06-08T22:01:43.248Z]   Scraping: Georgio Nightstand
[2026-06-08T22:01:52.258Z]   ✓ Georgio Nightstand | $732 | 20"W × 18"D × 14"H | 1 img(s)
[2026-06-08T22:01:52.270Z]   Scraping: Hunter Nightstand
[2026-06-08T22:02:00.234Z]   ✓ Hunter Nightstand | $539 | 26"W × 18.5"D × 18"H | 1 img(s)
[2026-06-08T22:02:00.239Z]   Scraping: Grayson Nightstand
[2026-06-08T22:02:06.905Z]   ✓ Grayson Nightstand | $599 | 21.3"W × 16.5"D × 20.6"H | 1 img(s)
[2026-06-08T22:02:06.916Z]   → skip (already have): Gallus Side Table
[2026-06-08T22:02:06.917Z]   Scraping: Magnus Nightstand
[2026-06-08T22:02:13.258Z]   ✓ Magnus Nightstand | $745 | 24"W × 18.3"D × 19.6"H | 1 img(s)
[2026-06-08T22:02:13.264Z] 
── BEDROOM / dresser ──────────────
[2026-06-08T22:02:13.264Z]   Fetching category: dresser (https://www.roveconcepts.com/modern-dressers.html)
[2026-06-08T22:02:17.408Z]     Found 5 products
[2026-06-08T22:02:17.413Z]   Scraping: Asher Wide Dresser
[2026-06-08T22:02:28.009Z]   ✓ Asher Wide Dresser | $1,865 | 62"W × 18.1"D × 34"H | 1 img(s)
[2026-06-08T22:02:28.021Z]   Scraping: Vienna Dresser
[2026-06-08T22:02:33.852Z]   ✓ Vienna Dresser | $1,865 | 60"W × 18"D × 32"H | 1 img(s)
[2026-06-08T22:02:33.858Z]   Scraping: Georgio Wide Dresser
[2026-06-08T22:02:55.275Z]   ✓ Georgio Wide Dresser | $2,612 | 62"W × 19"D × 31"H | 1 img(s)
[2026-06-08T22:02:55.288Z]   Scraping: Wishbone Dresser
[2026-06-08T22:03:06.958Z]   ✓ Wishbone Dresser | $2,479 | 62"W × 19"D × 30.4"H | 1 img(s)
[2026-06-08T22:03:06.972Z]   Scraping: Hunter Wide Dresser
[2026-06-08T22:03:13.150Z]   ✓ Hunter Wide Dresser | $1,385 | 48.1"W × 18.9"D × 30.1"H | 1 img(s)
[2026-06-08T22:03:13.161Z] 
── DINING ROOM / dining table ──────────────
[2026-06-08T22:03:13.161Z]   Fetching category: dining table (https://www.roveconcepts.com/modern-dining-tables.html)
[2026-06-08T22:03:17.798Z]     Found 24 products
[2026-06-08T22:03:17.799Z]   Scraping: Gallus Dining Table
[2026-06-08T22:03:25.108Z]   ✓ Gallus Dining Table | $1,919 | 48"W × 48"D × 29.5"H | 1 img(s)
[2026-06-08T22:03:25.121Z]   Scraping: Evelyn Dining Table
[2026-06-08T22:03:46.661Z]   ✓ Evelyn Dining Table | $2,111 | 70.9"W × 34.3"D × 29.5"H | 1 img(s)
[2026-06-08T22:03:46.686Z]   Scraping: Athena Round Dining Table
[2026-06-08T22:03:55.190Z]   ✓ Athena Round Dining Table | $2,865 | 48"W × 48"D × 29.2"H | 2 img(s)
[2026-06-08T22:03:55.204Z]   Scraping: Solana Dining Table
[2026-06-08T22:04:03.107Z]   ✓ Solana Dining Table | $2,665 | 71"W × 41.3"D × 29.1"H | 1 img(s)
[2026-06-08T22:04:03.117Z]   Scraping: Tulip Table Oval - Carrara
[2026-06-08T22:04:11.012Z]   ✓ Tulip Table Oval - Carrara | $2,879 | 67"W × 43.25"D × 28.75"H | 1 img(s)
[2026-06-08T22:04:11.022Z]   Scraping: Heritage Round Dining Table
[2026-06-08T22:04:18.342Z]   ✓ Heritage Round Dining Table | $1,998 | 48"W × 48"D × 30"H | 1 img(s)
[2026-06-08T22:04:18.353Z]   Scraping: Aspen Dining Set
[2026-06-08T22:04:25.260Z]   ✓ Aspen Dining Set | $3,332 | 39.3"W × 39.3"D × 29.5"H | 1 img(s)
[2026-06-08T22:04:25.318Z]   Scraping: Kyoto Dining Table
[2026-06-08T22:04:32.744Z]   ✓ Kyoto Dining Table | $2,065 | 70.87"W × 35.4"D × 29.5"H | 1 img(s)
[2026-06-08T22:04:32.753Z]   Scraping: Sanctuary Table by Maria Sharapova
[2026-06-08T22:04:40.922Z]   ✓ Sanctuary Table by Maria Sharapova | $2,319 | 70.9"W × 35.4"D × 29.5"H | 1 img(s)
[2026-06-08T22:04:40.929Z]   Scraping: Trio Dining Table
[2026-06-08T22:04:47.526Z]   ✓ Trio Dining Table | $1,159 | 48"W × 48"D × 29.5"H | 1 img(s)
[2026-06-08T22:04:47.539Z]   Scraping: Verona Dining Table
[2026-06-08T22:04:55.019Z]   ✓ Verona Dining Table | $2,665 | 63"W × 63"D × 30"H | 1 img(s)
[2026-06-08T22:04:55.024Z]   Scraping: Alessia Dining Table
[2026-06-08T22:05:03.140Z]   ✓ Alessia Dining Table | $2,665 | 83.9"W × 41.3"D × 29.5"H | 1 img(s)
[2026-06-08T22:05:03.148Z]   Scraping: Maia Extendable Dining Table
[2026-06-08T22:05:10.523Z]   ✓ Maia Extendable Dining Table | $2,265 | 38.8"W × 18.5"D × 29.53"H | 1 img(s)
[2026-06-08T22:05:10.530Z]   Scraping: Tiberius Table
[2026-06-08T22:05:17.188Z]   ✓ Tiberius Table | $3,199 | 94.9"W × 38.9"D × 29.5"H | 1 img(s)
[2026-06-08T22:05:17.197Z]   Scraping: Coppola Dining Table
[2026-06-08T22:05:44.566Z]   ✓ Coppola Dining Table | $1,999 | 70.9"W × 39.4"D × 29.5"H | 1 img(s)
[2026-06-08T22:05:44.629Z]   Scraping: Arco Extendable Dining Table
[2026-06-08T22:05:54.441Z]   ✓ Arco Extendable Dining Table | $2,132 | 79.1"W × 41.3"D × 30.1"H | 1 img(s)
[2026-06-08T22:05:54.454Z]   Scraping: Tulip Table Round - Carrara
[2026-06-08T22:06:02.809Z]   ✓ Tulip Table Round - Carrara | $2,092 | 35.5"W × 35.5"D × 28.5"H | 1 img(s)
[2026-06-08T22:06:02.818Z]   Scraping: Maximus Round Table
[2026-06-08T22:06:12.367Z]   ✓ Maximus Round Table | $5,427 | 48"W × 48"D × 30.1"H | 1 img(s)
[2026-06-08T22:06:12.380Z]   Scraping: Winston Dining Table - Concrete
[2026-06-08T22:06:18.513Z]   ✓ Winston Dining Table - Concrete | $1,999 | 48"W × 48"D × 29.5"H | 1 img(s)
[2026-06-08T22:06:18.519Z]   Scraping: Marcus Dining Table
[2026-06-08T22:06:27.488Z]   ✓ Marcus Dining Table | $1,159 | 70.9"W × 35.4"D × 29.9"H | 1 img(s)
[2026-06-08T22:06:27.510Z]   Scraping: Tulip Table Round - Lacquer
[2026-06-08T22:06:36.561Z]   ✓ Tulip Table Round - Lacquer | $1,199 | 39.5"W × 39.5"D × 28.5"H | 1 img(s)
[2026-06-08T22:06:36.573Z]   Scraping: Osten Table
[2026-06-08T22:06:43.329Z]   ✓ Osten Table | $2,591 | 96"W × 47.5"D × 29.5"H | 1 img(s)
[2026-06-08T22:06:43.336Z]   Scraping: Tulip Table Oval - Lacquer
[2026-06-08T22:06:50.054Z]   ✓ Tulip Table Oval - Lacquer | $1,599 | 67"W × 43.25"D × 28.75"H | 1 img(s)
[2026-06-08T22:06:50.063Z]   Scraping: Winston Dining Table - 63"
[2026-06-08T22:06:56.723Z]   ✓ Winston Dining Table - 63" | $2,665 | 63"W × 63"D × 29.5"H | 1 img(s)
[2026-06-08T22:06:56.733Z] 
── DINING ROOM / dining chair ──────────────
[2026-06-08T22:06:56.733Z]   Fetching category: dining chair (https://www.roveconcepts.com/modern-dining-chairs.html)
[2026-06-08T22:07:01.336Z]     Found 0 products
[2026-06-08T22:07:01.338Z] 
── DINING ROOM / sideboard ──────────────
[2026-06-08T22:07:01.339Z]   Fetching category: sideboard (https://www.roveconcepts.com/modern-sideboards.html)
[2026-06-08T22:07:05.929Z]     Found 9 products
[2026-06-08T22:07:05.937Z]   Scraping: Augustus Sideboard - Walnut
[2026-06-08T22:07:13.912Z]   ✓ Augustus Sideboard - Walnut | $2,532 | 86.6"W × 17.7"D × 31.1"H | 1 img(s)
[2026-06-08T22:07:13.920Z]   Scraping: Athena Sideboard
[2026-06-08T22:07:21.982Z]   ✓ Athena Sideboard | $2,231 | 62.4"W × 18.6"D × 29.5"H | 2 img(s)
[2026-06-08T22:07:22.000Z]   → skip (already have): Cassia Media Console
[2026-06-08T22:07:22.000Z]   Scraping: Magnus Entryway Console
[2026-06-08T22:07:38.248Z]   ✓ Magnus Entryway Console | $2,799 | 81.5"W × 19"D × 29.5"H | 2 img(s)
[2026-06-08T22:07:38.324Z]   Scraping: Augustus Sideboard
[2026-06-08T22:08:10.197Z]   ✗ Failed: Augustus Sideboard — Navigation timeout of 30000 ms exceeded
[2026-06-08T22:08:10.266Z]   → skip (already have): Bennett Media Console - 83"
[2026-06-08T22:08:10.268Z]   → skip (already have): Bennett Media Console - 55"
[2026-06-08T22:08:10.270Z]   Scraping: Verona Console Table
[2026-06-08T22:08:42.095Z]   ✗ Failed: Verona Console Table — Navigation timeout of 30000 ms exceeded
[2026-06-08T22:08:42.248Z]   → skip (already have): Juniper Console Table
[2026-06-08T22:08:46.714Z] 
=== Done — 186 new products scraped, 2 errors ===
[2026-06-08T22:08:46.717Z] Total catalogue: 186 products → /Users/joshkolkin/Documents/costage-platform/rove-concepts-catalogue.json
[2026-06-08T22:12:33.984Z] === Rove Concepts catalogue scraper starting ===
[2026-06-08T22:12:34.022Z] Resume mode: true
[2026-06-08T22:12:34.025Z] Loaded 186 existing products (will skip duplicates)
[2026-06-08T22:12:36.826Z] 
── LIVING ROOM / sofa ──────────────
[2026-06-08T22:12:36.835Z]   Fetching category: sofa (https://www.roveconcepts.com/modern-sofas.html)
[2026-06-08T22:12:44.132Z]     Found 22 products
[2026-06-08T22:12:44.138Z]   → skip (already have): Diane Sofa
[2026-06-08T22:12:44.138Z]   → skip (already have): Belia Open End Sofa
[2026-06-08T22:12:44.138Z]   → skip (already have): Milo Sofa
[2026-06-08T22:12:44.139Z]   → skip (already have): Porter Sofa
[2026-06-08T22:12:44.139Z]   → skip (already have): Kyoto 3-Seater Sofa
[2026-06-08T22:12:44.139Z]   → skip (already have): Kyoto Loveseat
[2026-06-08T22:12:44.139Z]   → skip (already have): Berlin Sofa
[2026-06-08T22:12:44.139Z]   → skip (already have): Kaye Sofa L
[2026-06-08T22:12:44.139Z]   → skip (already have): Maria Sofa
[2026-06-08T22:12:44.139Z]   → skip (already have): Kaye Open End Sofa L
[2026-06-08T22:12:44.139Z]   → skip (already have): Kaye Open End Sofa S
[2026-06-08T22:12:44.140Z]   → skip (already have): Kaye Sofa S
[2026-06-08T22:12:44.140Z]   → skip (already have): Hadrian Sofa
[2026-06-08T22:12:44.140Z]   → skip (already have): Dante Sofa
[2026-06-08T22:12:44.140Z]   → skip (already have): Bilbao Sofa
[2026-06-08T22:12:44.140Z]   → skip (already have): Arya Modular Sofa with Open End
[2026-06-08T22:12:44.140Z]   → skip (already have): Arya Modular Loveseat
[2026-06-08T22:12:44.140Z]   → skip (already have): Tanner Sofa
[2026-06-08T22:12:44.140Z]   → skip (already have): Tanner 3 Seater Sofa
[2026-06-08T22:12:44.140Z]   → skip (already have): Tanner Open End Sofa
[2026-06-08T22:12:44.141Z]   → skip (already have): Nuvo Sofa
[2026-06-08T22:12:44.141Z]   → skip (already have): Nuvo 3-Seater Sofa
[2026-06-08T22:12:44.141Z] 
── LIVING ROOM / sectional ──────────────
[2026-06-08T22:12:44.141Z]   Fetching category: sectional (https://www.roveconcepts.com/modern-sectional-sofas.html)
[2026-06-08T22:12:48.915Z]     Found 23 products
[2026-06-08T22:12:48.920Z]   → skip (already have): Dresden Modular Sectional
[2026-06-08T22:12:48.920Z]   → skip (already have): Berlin Sectional Sofa
[2026-06-08T22:12:48.921Z]   → skip (already have): Milo Modular Sectional
[2026-06-08T22:12:48.921Z]   → skip (already have): Kaye Sectional Sofa S
[2026-06-08T22:12:48.921Z]   → skip (already have): Kyoto Modular Sofa
[2026-06-08T22:12:48.921Z]   → skip (already have): Kyoto L-Sectional
[2026-06-08T22:12:48.921Z]   → skip (already have): Kyoto Sectional Sofa
[2026-06-08T22:12:48.921Z]   → skip (already have): Nuvo Sectional Sofa
[2026-06-08T22:12:48.921Z]   → skip (already have): Porter Sectional
[2026-06-08T22:12:48.922Z]   → skip (already have): Nuvo L-Sectional
[2026-06-08T22:12:48.922Z]   → skip (already have): Berlin L-Sectional
[2026-06-08T22:12:48.922Z]   → skip (already have): Kaye Sectional Sofa L
[2026-06-08T22:12:48.922Z]   → skip (already have): Reya Curved Sectional
[2026-06-08T22:12:48.922Z]   → skip (already have): Milo Sleeper Sectional
[2026-06-08T22:12:48.922Z]   → skip (already have): Dresden Sectional Sofa
[2026-06-08T22:12:48.922Z]   → skip (already have): Berlin Modular Sectional
[2026-06-08T22:12:48.922Z]   → skip (already have): Belia Sectional Sofa
[2026-06-08T22:12:48.922Z]   → skip (already have): Tanner Sectional Sofa
[2026-06-08T22:12:48.922Z]   → skip (already have): Milo Corner Sectional
[2026-06-08T22:12:48.923Z]   → skip (already have): Tanner Modular Sectional
[2026-06-08T22:12:48.923Z]   → skip (already have): Belia Modular Sectional
[2026-06-08T22:12:48.923Z]   → skip (already have): Arya Modular Sectional
[2026-06-08T22:12:48.923Z]   → skip (already have): Porter Extended Sectional
[2026-06-08T22:12:48.923Z] 
── LIVING ROOM / armchair ──────────────
[2026-06-08T22:12:48.923Z]   Fetching category: armchair (https://www.roveconcepts.com/modern-lounge-chairs.html)
[2026-06-08T22:12:52.270Z]     Found 23 products
[2026-06-08T22:12:52.271Z]   → skip (already have): Tola Lounge Chair
[2026-06-08T22:12:52.271Z]   → skip (already have): Hadrian Armchair
[2026-06-08T22:12:52.271Z]   → skip (already have): Curva Lounge Chair
[2026-06-08T22:12:52.271Z]   → skip (already have): Pallas Lounge Chair
[2026-06-08T22:12:52.272Z]   → skip (already have): Kyoto Armchair
[2026-06-08T22:12:52.272Z]   → skip (already have): Forja Lounge Chair
[2026-06-08T22:12:52.272Z]   → skip (already have): Loreto Lounge Chair
[2026-06-08T22:12:52.272Z]   → skip (already have): Study Chair by Maria Sharapova
[2026-06-08T22:12:52.272Z]   → skip (already have): Retreat Chair by Maria Sharapova
[2026-06-08T22:12:52.273Z]   → skip (already have): Nova Lounge Chair - Swivel
[2026-06-08T22:12:52.273Z]   → skip (already have): Womb Chair and Ottoman
[2026-06-08T22:12:52.273Z]   → skip (already have): Flag Halyard Chair and Ottoman
[2026-06-08T22:12:52.273Z]   → skip (already have): Toro Lounge Chair
[2026-06-08T22:12:52.273Z]   → skip (already have): Diane Lounge Chair
[2026-06-08T22:12:52.274Z]   → skip (already have): Jericho Lounge Chair
[2026-06-08T22:12:52.274Z]   → skip (already have): Davos Lounge Chair
[2026-06-08T22:12:52.274Z]   → skip (already have): Mia Lounge Chair
[2026-06-08T22:12:52.274Z]   → skip (already have): Vonn Lounge Chair
[2026-06-08T22:12:52.274Z]   → skip (already have): Nova Lounge Chair
[2026-06-08T22:12:52.274Z]   → skip (already have): Flag Halyard Chair
[2026-06-08T22:12:52.275Z]   → skip (already have): Angelo Lounge Chair
[2026-06-08T22:12:52.275Z]   → skip (already have): Aubrey Lounge Chair
[2026-06-08T22:12:52.275Z]   → skip (already have): Kyoto Dining Chair
[2026-06-08T22:12:52.275Z] 
── LIVING ROOM / coffee table ──────────────
[2026-06-08T22:12:52.275Z]   Fetching category: coffee table (https://www.roveconcepts.com/modern-coffee-tables.html)
[2026-06-08T22:12:57.073Z]     Found 24 products
[2026-06-08T22:12:57.081Z]   → skip (already have): Maria Coffee Table
[2026-06-08T22:12:57.083Z]   → skip (already have): Liza Coffee Table
[2026-06-08T22:12:57.087Z]   → skip (already have): Kara Coffee Table
[2026-06-08T22:12:57.095Z]   → skip (already have): Liza Coffee Table - Brushed Stainless Steel
[2026-06-08T22:12:57.095Z]   → skip (already have): Gallus Coffee Table
[2026-06-08T22:12:57.096Z]   → skip (already have): Maia Coffee Table
[2026-06-08T22:12:57.096Z]   → skip (already have): Liza Coffee Table - Marble
[2026-06-08T22:12:57.097Z]   → skip (already have): Trio Coffee Table
[2026-06-08T22:12:57.099Z]   → skip (already have): Athena Coffee Table
[2026-06-08T22:12:57.104Z]   → skip (already have): Ophira Coffee Table
[2026-06-08T22:12:57.105Z]   → skip (already have): Julius Coffee Table
[2026-06-08T22:12:57.106Z]   → skip (already have): Orb Coffee Table
[2026-06-08T22:12:57.106Z]   → skip (already have): Marbella Coffee Table
[2026-06-08T22:12:57.106Z]   → skip (already have): Liza Coffee Table - Marble (Black Label)
[2026-06-08T22:12:57.106Z]   → skip (already have): Romulus Nesting Coffee Table
[2026-06-08T22:12:57.108Z]   → skip (already have): Valerian Coffee Table
[2026-06-08T22:12:57.108Z]   → skip (already have): Truman Coffee Table
[2026-06-08T22:12:57.109Z]   → skip (already have): Nova Coffee Table
[2026-06-08T22:12:57.109Z]   → skip (already have): Cascadia Coffee Table
[2026-06-08T22:12:57.110Z]   → skip (already have): Liza Coffee Table - Walnut
[2026-06-08T22:12:57.110Z]   → skip (already have): Winston Coffee Table
[2026-06-08T22:12:57.110Z]   → skip (already have): Leia Coffee Table
[2026-06-08T22:12:57.110Z]   → skip (already have): Liza Coffee Table Grande
[2026-06-08T22:12:57.111Z]   → skip (already have): Liza Coffee Table Grande - Marble
[2026-06-08T22:12:57.111Z] 
── LIVING ROOM / side table ──────────────
[2026-06-08T22:12:57.112Z]   Fetching category: side table (https://www.roveconcepts.com/modern-side-tables.html)
[2026-06-08T22:13:01.570Z]     Found 18 products
[2026-06-08T22:13:01.603Z]   → skip (already have): Winston Side Table
[2026-06-08T22:13:01.605Z]   → skip (already have): Maria Side Table
[2026-06-08T22:13:01.605Z]   → skip (already have): Gallus Side Table
[2026-06-08T22:13:01.606Z]   → skip (already have): Liza Side Table - Marble
[2026-06-08T22:13:01.606Z]   → skip (already have): Juniper Console Table
[2026-06-08T22:13:01.606Z]   → skip (already have): Kyoto Side Table
[2026-06-08T22:13:01.606Z]   → skip (already have): Athena Side Table
[2026-06-08T22:13:01.606Z]   → skip (already have): Liza Side Table - Ceramic
[2026-06-08T22:13:01.606Z]   → skip (already have): Ophira Side Table
[2026-06-08T22:13:01.607Z]   → skip (already have): Kaye End Table
[2026-06-08T22:13:01.607Z]   → skip (already have): Orb Side Table
[2026-06-08T22:13:01.607Z]   → skip (already have): Uni End Table
[2026-06-08T22:13:01.608Z]   → skip (already have): Tulip Side Table
[2026-06-08T22:13:01.610Z]   → skip (already have): Trio Side Table
[2026-06-08T22:13:01.610Z]   → skip (already have): Liza Side Table (Black Label)
[2026-06-08T22:13:01.611Z]   → skip (already have): Liza Pedestal - Marble
[2026-06-08T22:13:01.611Z]   → skip (already have): Leia Side Table
[2026-06-08T22:13:01.612Z]   → skip (already have): Liza Pedestal - Ceramic
[2026-06-08T22:13:01.612Z] 
── LIVING ROOM / tv unit ──────────────
[2026-06-08T22:13:01.612Z]   Fetching category: tv unit (https://www.roveconcepts.com/modern-tv-stands.html)
[2026-06-08T22:13:06.644Z]     Found 10 products
[2026-06-08T22:13:06.653Z]   → skip (already have): Augustus TV Stand
[2026-06-08T22:13:06.654Z]   → skip (already have): Winston Media Console
[2026-06-08T22:13:06.654Z]   → skip (already have): Cassia Media Console
[2026-06-08T22:13:06.655Z]   → skip (already have): Athena Media Console
[2026-06-08T22:13:06.656Z]   → skip (already have): Magnus TV Console
[2026-06-08T22:13:06.657Z]   → skip (already have): Bennett Media Console - 83"
[2026-06-08T22:13:06.658Z]   → skip (already have): Augustus TV Stand - Walnut
[2026-06-08T22:13:06.658Z]   → skip (already have): Bennett Media Console - 55"
[2026-06-08T22:13:06.659Z]   → skip (already have): Winston Media Console - Small
[2026-06-08T22:13:06.659Z]   → skip (already have): Noelle TV Stand
[2026-06-08T22:13:06.660Z] 
── BEDROOM / bed ──────────────
[2026-06-08T22:13:06.660Z]   Fetching category: bed (https://www.roveconcepts.com/modern-beds.html)
[2026-06-08T22:13:11.496Z]     Found 24 products
[2026-06-08T22:13:11.508Z]   → skip (already have): Ophelia Bed
[2026-06-08T22:13:11.508Z]   → skip (already have): Asher Bed
[2026-06-08T22:13:11.508Z]   → skip (already have): Berlin Bed
[2026-06-08T22:13:11.508Z]   → skip (already have): Hunter Bed
[2026-06-08T22:13:11.509Z]   → skip (already have): Dalina Bed
[2026-06-08T22:13:11.509Z]   → skip (already have): Eva Bed
[2026-06-08T22:13:11.509Z]   → skip (already have): Hera Bed
[2026-06-08T22:13:11.509Z]   → skip (already have): Modular Bed Frame - Wood
[2026-06-08T22:13:11.509Z]   → skip (already have): Porter Bed - Extension with Walnut Side Table
[2026-06-08T22:13:11.509Z]   → skip (already have): Nerva Canopy Bed
[2026-06-08T22:13:11.509Z]   → skip (already have): Kaye Slipcover Bed
[2026-06-08T22:13:11.510Z]   → skip (already have): Porter Bed
[2026-06-08T22:13:11.510Z]   → skip (already have): Sarina Bed
[2026-06-08T22:13:11.510Z]   → skip (already have): Berlin Headboard
[2026-06-08T22:13:11.510Z]   → skip (already have): Chloe Bed
[2026-06-08T22:13:11.510Z]   → skip (already have): Milo Sleeper Sofa
[2026-06-08T22:13:11.510Z]   → skip (already have): Bristol Sleeper Futon
[2026-06-08T22:13:11.510Z]   → skip (already have): Angelo Bed
[2026-06-08T22:13:11.510Z]   → skip (already have): Harper Bed
[2026-06-08T22:13:11.510Z]   → skip (already have): Mikkel Bed
[2026-06-08T22:13:11.510Z]   → skip (already have): Milo Sleeper Sectional
[2026-06-08T22:13:11.510Z]   → skip (already have): Dresden Sleeper Sofa
[2026-06-08T22:13:11.511Z]   → skip (already have): Berlin Sleeper Sofa
[2026-06-08T22:13:11.511Z]   → skip (already have): Abigail Bed
[2026-06-08T22:13:11.511Z] 
── BEDROOM / nightstand ──────────────
[2026-06-08T22:13:11.511Z]   Fetching category: nightstand (https://www.roveconcepts.com/modern-nightstands.html)
[2026-06-08T22:13:16.430Z]     Found 12 products
[2026-06-08T22:13:16.438Z]   → skip (already have): Asher Single Drawer Nightstand
[2026-06-08T22:13:16.438Z]   → skip (already have): Nerva Nightstand
[2026-06-08T22:13:16.438Z]   → skip (already have): Asher Nightstand
[2026-06-08T22:13:16.438Z]   → skip (already have): Wishbone Nightstand
[2026-06-08T22:13:16.439Z]   → skip (already have): Athena Nightstand
[2026-06-08T22:13:16.439Z]   → skip (already have): Cassia Nightstand
[2026-06-08T22:13:16.439Z]   → skip (already have): Vienna Nightstand
[2026-06-08T22:13:16.442Z]   → skip (already have): Georgio Nightstand
[2026-06-08T22:13:16.442Z]   → skip (already have): Hunter Nightstand
[2026-06-08T22:13:16.443Z]   → skip (already have): Grayson Nightstand
[2026-06-08T22:13:16.443Z]   → skip (already have): Gallus Side Table
[2026-06-08T22:13:16.443Z]   → skip (already have): Magnus Nightstand
[2026-06-08T22:13:16.443Z] 
── BEDROOM / dresser ──────────────
[2026-06-08T22:13:16.443Z]   Fetching category: dresser (https://www.roveconcepts.com/modern-dressers.html)
[2026-06-08T22:13:20.556Z]     Found 5 products
[2026-06-08T22:13:20.561Z]   → skip (already have): Asher Wide Dresser
[2026-06-08T22:13:20.561Z]   → skip (already have): Vienna Dresser
[2026-06-08T22:13:20.561Z]   → skip (already have): Georgio Wide Dresser
[2026-06-08T22:13:20.562Z]   → skip (already have): Wishbone Dresser
[2026-06-08T22:13:20.562Z]   → skip (already have): Hunter Wide Dresser
[2026-06-08T22:13:20.562Z] 
── DINING ROOM / dining table ──────────────
[2026-06-08T22:13:20.562Z]   Fetching category: dining table (https://www.roveconcepts.com/modern-dining-tables.html)
[2026-06-08T22:13:25.511Z]     Found 24 products
[2026-06-08T22:13:25.517Z]   → skip (already have): Gallus Dining Table
[2026-06-08T22:13:25.517Z]   → skip (already have): Evelyn Dining Table
[2026-06-08T22:13:25.517Z]   → skip (already have): Athena Round Dining Table
[2026-06-08T22:13:25.517Z]   → skip (already have): Solana Dining Table
[2026-06-08T22:13:25.517Z]   → skip (already have): Tulip Table Oval - Carrara
[2026-06-08T22:13:25.517Z]   → skip (already have): Heritage Round Dining Table
[2026-06-08T22:13:25.517Z]   → skip (already have): Aspen Dining Set
[2026-06-08T22:13:25.517Z]   → skip (already have): Kyoto Dining Table
[2026-06-08T22:13:25.517Z]   → skip (already have): Sanctuary Table by Maria Sharapova
[2026-06-08T22:13:25.518Z]   → skip (already have): Trio Dining Table
[2026-06-08T22:13:25.518Z]   → skip (already have): Verona Dining Table
[2026-06-08T22:13:25.518Z]   → skip (already have): Alessia Dining Table
[2026-06-08T22:13:25.518Z]   → skip (already have): Maia Extendable Dining Table
[2026-06-08T22:13:25.518Z]   → skip (already have): Tiberius Table
[2026-06-08T22:13:25.518Z]   → skip (already have): Coppola Dining Table
[2026-06-08T22:13:25.518Z]   → skip (already have): Arco Extendable Dining Table
[2026-06-08T22:13:25.518Z]   → skip (already have): Tulip Table Round - Carrara
[2026-06-08T22:13:25.518Z]   → skip (already have): Maximus Round Table
[2026-06-08T22:13:25.519Z]   → skip (already have): Winston Dining Table - Concrete
[2026-06-08T22:13:25.519Z]   → skip (already have): Marcus Dining Table
[2026-06-08T22:13:25.519Z]   → skip (already have): Tulip Table Round - Lacquer
[2026-06-08T22:13:25.519Z]   → skip (already have): Osten Table
[2026-06-08T22:13:25.519Z]   → skip (already have): Tulip Table Oval - Lacquer
[2026-06-08T22:13:25.519Z]   → skip (already have): Winston Dining Table - 63"
[2026-06-08T22:13:25.519Z] 
── DINING ROOM / dining chair ──────────────
[2026-06-08T22:13:25.519Z]   Fetching category: dining chair (https://www.roveconcepts.com/mid-century-modern-dining-chairs.html)
[2026-06-08T22:13:30.660Z]     Found 24 products
[2026-06-08T22:13:30.666Z]   Scraping: Aubrey Side Chair
[2026-06-08T22:13:37.899Z]   ✓ Aubrey Side Chair | $385 | 17.7"W × 22"D × 34.1"H | 1 img(s)
[2026-06-08T22:13:37.911Z]   Scraping: Solana Dining Chair
[2026-06-08T22:13:45.139Z]   ✓ Solana Dining Chair | $452 | 24"W × 22"D × 32"H | 1 img(s)
[2026-06-08T22:13:45.145Z]   Scraping: Tola Dining Chair
[2026-06-08T22:13:51.415Z]   ✓ Tola Dining Chair | $385 | 20"W × 22.9"D × 31.5"H | 1 img(s)
[2026-06-08T22:13:51.422Z]   Scraping: Angelo Dining Chair
[2026-06-08T22:14:00.006Z]   ✓ Angelo Dining Chair | $452 | 22"W × 22"D × 32.5"H | 1 img(s)
[2026-06-08T22:14:00.016Z]   Scraping: Kyoto Hand-Woven Dining Chair
[2026-06-08T22:14:06.770Z]   ✓ Kyoto Hand-Woven Dining Chair | $505 | 20"W × 20.4"D × 31.5"H | 1 img(s)
[2026-06-08T22:14:06.783Z]   → skip (already have): Aspen Dining Set
[2026-06-08T22:14:06.783Z]   Scraping: Forja Dining Chair
[2026-06-08T22:14:15.269Z]   ✓ Forja Dining Chair | $585 | 26.4"W × 22"D × 32.3"H | 1 img(s)
[2026-06-08T22:14:15.275Z]   → skip (already have): Study Chair by Maria Sharapova
[2026-06-08T22:14:15.276Z]   → skip (already have): Retreat Chair by Maria Sharapova
[2026-06-08T22:14:15.276Z]   → skip (already have): Nova Lounge Chair - Swivel
[2026-06-08T22:14:15.276Z]   Scraping: Rhea Dining Chair
[2026-06-08T22:14:21.808Z]   ✓ Rhea Dining Chair | $505 | 23.2"W × 22.4"D × 31.9"H | 1 img(s)
[2026-06-08T22:14:21.818Z]   Scraping: Uma Dining Chair
[2026-06-08T22:14:27.796Z]   ✓ Uma Dining Chair | $399 | 21.6"W × 22"D × 29.9"H | 1 img(s)
[2026-06-08T22:14:27.804Z]   Scraping: Aulus Dining Chair
[2026-06-08T22:14:33.640Z]   ✓ Aulus Dining Chair | $465 | 23.7"W × 23.2"D × 31.7"H | 1 img(s)
[2026-06-08T22:14:33.646Z]   Scraping: Iris Chair
[2026-06-08T22:14:40.627Z]   ✓ Iris Chair | $318 | 18.9"W × 18.9"D × 29.9"H | 1 img(s)
[2026-06-08T22:14:40.631Z]   Scraping: Round Chair
[2026-06-08T22:14:46.568Z]   ✓ Round Chair | $505 | 25.2"W × 20"D × 30"H | 1 img(s)
[2026-06-08T22:14:46.572Z]   Scraping: Elbow Chair
[2026-06-08T22:14:52.606Z]   ✓ Elbow Chair | $401 | 21.3"W × 20.8"D × 29.9"H | 1 img(s)
[2026-06-08T22:14:52.615Z]   → skip (already have): Nova Lounge Chair
[2026-06-08T22:14:52.616Z]   Scraping: Mia Dining Chair
[2026-06-08T22:14:59.282Z]   ✓ Mia Dining Chair | $558 | 24.8"W × 21.9"D × 30.3"H | 1 img(s)
[2026-06-08T22:14:59.286Z]   Scraping: Wishbone Chair
[2026-06-08T22:15:05.677Z]   ✓ Wishbone Chair | $239 | 21.4"W × 20.4"D × 30"H | 1 img(s)
[2026-06-08T22:15:05.681Z]   Scraping: Geno Dining Chair
[2026-06-08T22:15:15.076Z]   ✓ Geno Dining Chair | $452 | 18.8"W × 22.8"D × 30.7"H | 1 img(s)
[2026-06-08T22:15:15.083Z]   Scraping: Elbow Chair - Woven
[2026-06-08T22:15:25.687Z]   ✓ Elbow Chair - Woven | $452 | 21.3"W × 20.5"D × 29.9"H | 1 img(s)
[2026-06-08T22:15:25.693Z]   Scraping: Round Chair - Woven
[2026-06-08T22:15:31.797Z]   ✓ Round Chair - Woven | $505 | 25.2"W × 20"D × 30"H | 1 img(s)
[2026-06-08T22:15:31.803Z]   Scraping: Javert Side Chair
[2026-06-08T22:15:37.993Z]   ✓ Javert Side Chair | $732 | 20.8"W × 19.5"D × 31.6"H | 1 img(s)
[2026-06-08T22:15:37.997Z]   Scraping: Aubrey Armchair
[2026-06-08T22:15:44.381Z]   ✓ Aubrey Armchair | $465 | 22.6"W × 22"D × 31.2"H | 1 img(s)
[2026-06-08T22:15:44.387Z] 
── DINING ROOM / sideboard ──────────────
[2026-06-08T22:15:44.387Z]   Fetching category: sideboard (https://www.roveconcepts.com/modern-sideboards.html)
[2026-06-08T22:15:48.529Z]     Found 9 products
[2026-06-08T22:15:48.537Z]   → skip (already have): Augustus Sideboard - Walnut
[2026-06-08T22:15:48.539Z]   → skip (already have): Athena Sideboard
[2026-06-08T22:15:48.540Z]   → skip (already have): Cassia Media Console
[2026-06-08T22:15:48.540Z]   → skip (already have): Magnus Entryway Console
[2026-06-08T22:15:48.541Z]   Scraping: Augustus Sideboard
[2026-06-08T22:15:55.857Z]   ✓ Augustus Sideboard | $2,879 | 86.6"W × 17.7"D × 31.1"H | 1 img(s)
[2026-06-08T22:15:55.865Z]   → skip (already have): Bennett Media Console - 83"
[2026-06-08T22:15:55.866Z]   → skip (already have): Bennett Media Console - 55"
[2026-06-08T22:15:55.866Z]   Scraping: Verona Console Table
[2026-06-08T22:16:02.719Z]   ✓ Verona Console Table | $1,199 | 62.9"W × 14.5"D × 30"H | 1 img(s)
[2026-06-08T22:16:02.725Z]   → skip (already have): Juniper Console Table
[2026-06-08T22:16:03.169Z] 
=== Done — 21 new products scraped, 0 errors ===
[2026-06-08T22:16:03.169Z] Total catalogue: 207 products → /Users/joshkolkin/Documents/costage-platform/rove-concepts-catalogue.json
